-------------------------------------------------------------------------------
Test set: runners.StarhealthRunner
-------------------------------------------------------------------------------
Tests run: 1, Failures: 0, Errors: 1, Skipped: 0, Time elapsed: 18.177 s <<< FAILURE! - in runners.StarhealthRunner
Starhealth HomePage test(Phase End Project)  Time elapsed: 10.84 s  <<< ERROR!
java.lang.NoClassDefFoundError: org/testng/Assert
Caused by: java.lang.ClassNotFoundException: org.testng.Assert

